{"/Projects/sandbox/ux-manual/src/components/Dialog.vue": {"path":"/Projects/sandbox/ux-manual/src/components/Dialog.vue","statementMap":{"0":{"start":{"line":35,"column":0},"end":{"line":35,"column":null}}},"fnMap":{"0":{"name":"(anonymous_1)","decl":{"start":{"line":34,"column":0},"end":{"line":34,"column":null}},"loc":{"start":{"line":34,"column":0},"end":{"line":38,"column":null}}}},"branchMap":{},"s":{"0":1},"f":{"0":1},"b":{}}
,"/Projects/sandbox/ux-manual/src/components/UXProcessSection.vue": {"path":"/Projects/sandbox/ux-manual/src/components/UXProcessSection.vue","statementMap":{"0":{"start":{"line":46,"column":0},"end":{"line":46,"column":null}}},"fnMap":{"0":{"name":"(anonymous_1)","decl":{"start":{"line":46,"column":0},"end":{"line":46,"column":null}},"loc":{"start":{"line":46,"column":0},"end":{"line":46,"column":null}}}},"branchMap":{},"s":{"0":2},"f":{"0":2},"b":{}}
,"/Projects/sandbox/ux-manual/src/views/Home.vue": {"path":"/Projects/sandbox/ux-manual/src/views/Home.vue","statementMap":{"0":{"start":{"line":31,"column":0},"end":{"line":31,"column":null}},"1":{"start":{"line":32,"column":0},"end":{"line":32,"column":null}},"2":{"start":{"line":42,"column":0},"end":{"line":42,"column":null}},"3":{"start":{"line":46,"column":0},"end":{"line":53,"column":null}},"4":{"start":{"line":49,"column":0},"end":{"line":49,"column":null}},"5":{"start":{"line":52,"column":0},"end":{"line":52,"column":null}}},"fnMap":{"0":{"name":"(anonymous_1)","decl":{"start":{"line":41,"column":0},"end":{"line":41,"column":null}},"loc":{"start":{"line":41,"column":0},"end":{"line":43,"column":null}}},"1":{"name":"(anonymous_2)","decl":{"start":{"line":45,"column":0},"end":{"line":45,"column":null}},"loc":{"start":{"line":45,"column":0},"end":{"line":54,"column":null}}},"2":{"name":"(anonymous_3)","decl":{"start":{"line":46,"column":0},"end":{"line":46,"column":null}},"loc":{"start":{"line":46,"column":0},"end":{"line":50,"column":null}}},"3":{"name":"(anonymous_4)","decl":{"start":{"line":50,"column":0},"end":{"line":50,"column":null}},"loc":{"start":{"line":50,"column":0},"end":{"line":53,"column":null}}}},"branchMap":{},"s":{"0":1,"1":1,"2":0,"3":1,"4":0,"5":0},"f":{"0":0,"1":1,"2":0,"3":0},"b":{}}
}
