TN:
SF:/Projects/sandbox/ux-manual/src/components/Dialog.vue
FN:34,(anonymous_1)
FNF:1
FNH:1
FNDA:1,(anonymous_1)
DA:35,1
LF:1
LH:1
BRF:0
BRH:0
end_of_record
TN:
SF:/Projects/sandbox/ux-manual/src/components/UXProcessSection.vue
FN:46,(anonymous_1)
FNF:1
FNH:1
FNDA:2,(anonymous_1)
DA:46,2
LF:1
LH:1
BRF:0
BRH:0
end_of_record
TN:
SF:/Projects/sandbox/ux-manual/src/views/Home.vue
FN:41,(anonymous_1)
FN:45,(anonymous_2)
FN:46,(anonymous_3)
FN:50,(anonymous_4)
FNF:4
FNH:1
FNDA:0,(anonymous_1)
FNDA:1,(anonymous_2)
FNDA:0,(anonymous_3)
FNDA:0,(anonymous_4)
DA:31,1
DA:32,1
DA:42,0
DA:46,1
DA:49,0
DA:52,0
LF:6
LH:3
BRF:0
BRH:0
end_of_record
